#设置倒计时(秒)
timeout 10

#设置第一项为默认值
default 2

#设置图形模式(可使用 graphicsmode 探测系统支持的图形模式)
graphicsmode -1 1920

#加载背景图
splashimage /efi/grub/one.jpg

#加载字体(如果不是 16*16 字体，需增加参数，如 --font-high=24)
font --font-high=32 /efi/grub/menu32.hex

# 设置菜单语言为中文，字间距2，行间距10,整行高亮，版本号显示关，菜单三角形指示器关
setmenu --lang=zh --font-spacing=8:20 --highlight-full --ver-off --triangle-off
# color 未选菜单 被选菜单 帮助 标题，(前景色/背景色) ，顺序不可乱，不设置可用n替换
# color white/black black/white white/black white/black
# color light-gray/black 0x0fffffffffffff white/black white/black
color light-gray/black black/light-gray white/black white/black
#设置自动菜单编号
setmenu --auto-num-on 
# 列数=图像水平像素/(字符宽+字符间距)     字符宽=8
# 行数=图像垂直像素/(字符高+行间距)       字符高=10
# setmenu --box x=[x] y=[y] w=[w] h=[h] l=[l] 菜单项标题起始列，起始行，每行最大字符数，最大菜单项数，菜单框线条宽度（像素）
# 注：w=0 表示水平居中。此时 w 应当在 x 之后；l=0 表示不显示菜单框；
# 按黄金分割比例设置菜单框宽度：1024/(8+1)=113.78；113*0.618=70.31 70/2=35，故居中时x=35
setmenu --box x=40 y=8 w=24 h=6 l=0
# 居中位置计算：例如1024宽，列数：1024/(8+1)=113.78，“DOS菜单”应该是7个字符，(113-7)/2=53，故--string=53
# 2018-3-15后,省略x自动居中
#setmenu --string=47=6=0x0000000000ffff="Grub维护U盘" --timeout=75=5=0xffff00
#设置时间
#setmenu --string=s=1=0x0000000000ffff="date&time=yyyy-MM-dd  HH:mm:ss"
setmenu --timeout=37=9=0x0000000000ffff
#设置帮助信息偏右80消失
setmenu --help=80=46=0x0000000000ffff

title : [grub] CatOS
find --set-root /efi/CatOS/grubx64.efi
chainloader /efi/CatOS/grubx64.efi

title : [UEFI] Ubuntu vdiskchain
chainloader /EFI/grub/vdiskchain vdisk=/ubuntu.vhd.vtoy

title : [UEFI] Win10/Win11
find --set-root /efi/Microsoft/boot/bootmgfw.efi
chainloader /efi/Microsoft/boot/bootmgfw.efi

title : [iso] 微pe
find --set-root /镜像/WePE_64_V2.3.iso
map --mem /镜像/WePE_64_V2.3.iso (0xff)
map --hook
chainloader (0xff)


title : 退出grub4dos
exit_g4d

title : =====立刻重启=====
	reboot

title : =====立刻关机=====
	halt

0000:0000000000000000000000000000000000000000000000000000000000000000
8BBE:000021F0111011100110020EF40013F811081110109014A0184010A003180C06
7F6E:7FFC44447FFC01007FFC01001FF010101FF010101FF010101FF01010FFFE0000
5012:100410041FC422142214649467D4A114211427D42114211421C42E0424142008
8BA1:004020401040104000400040F7FE104010401040104010401440184010400040
65F6:000800087C08440845FE440844087C0844884448444844087C08440800280010
79D2:08201C20F02010A810A4FCA2112231203A245424542890081010102010C01300
7B2C:20403F7E489085083FF8010801083FF8210021003FFC030405041928E1100100
4E00:0000000000000000000000000000FFFE00000000000000000000000000000000
9879:000001FE0020FC4011FC1104112411241124112411241D44E050408801040202
4E3A:010021001100110001007FF80208020802880448044808081008200840508020
9ED8:0020FE289224D624BA2093FEFE201020FE2010501E50E0500288AA88A9048202
8BA4:004020401040104000400040F040104010A010A010A015101910120804040802
503C:084008400FFC1040104033F8320853F8920813F8120813F8120812081FFE1000
56FE:00007FFC4204420447E44C445284410446C4783C43044084460441847FFC4004
5F62:00007F8412041208121012221202FFC412081210122212022204220842108260
6A21:1110111017FC1110FC0013F832083BF8560853F8904017FC10A0111012081406
5F0F:0048004400440040FFFE004000403E4008400840082008220F12780A20060002
53EF:00007FFE001000101F10111011101110111011101F1011100010001000500020
4F7F:104010401FFE2040204067FC6444A44427FC2040224021402080214022302C0E
7528:00003FF82108210821083FF82108210821083FF8210821082108410841288010
63A2:200027FC240424A4F91022082040284037FCE04020E0215022482C46A0404040
6D4B:000427C414441454855445544554155415542554E55421042284224424140808
7CFB:00F83F000400082010403F800100061018087FFC010409201110210845040200
7EDF:10401020202023FE4840F888110423FE4092F890409000901912E112420E0400
652F:0100010001007FFC0100010001003FF01010082004400280010006C01830E00E
6301:10201020102011FCFC20102013FE1008180833FED00810881048100850282010
7684:1040104020407E7C42844284430442447E2442244204420442047E0442280010
52A0:100010001000107CFE4412441244124412441244124412442244227C4A448400
8F7D:082008287F240820FFFE10201024FF24202448287F2808100F12F82A08460882
80CC:048004987CE004841C84E47C40001FF010101FF010101FF01010101010501020
666F:1FF010101FF010101FF00100FFFE00001FF0101010101FF00100210845040200
5B57:020001007FFE400280041FE0004000800100FFFE010001000100010005000200
4F53:084008400840104017FC304030E050E091501150124815F41842104010401040
5982:100010001000107CFE4422442244224442442444144408441444227C42448000
679C:00001FF0111011101FF0111011101FF011100100FFFE054009203118C1060100
4E0D:00007FFC00800080010001000340052009101108210441048100010001000100
662F:1FF0101010101FF0101010101FF00000FFFE0100110011F811002900450083FE
FF0C:0000000000000000000000000000000000000000000030003000100020000000
9700:00003FF801007FFE41029D7401001D700000FFFE02003FF82488248824A82010
589E:22082110200027FC2444FD5424E4244427FC200023F83A08E3F8420803F80208
53C2:0200044008201FF002007FFC082010902308CC4601800610182000C007007800
6570:082049202A20083EFF442A44494488A41028FE2822104210642818283444C282
83DC:08200820FFFE0820001000F83F001110082001007FFC054009203118C1060100
5355:1010082004403FF8210821083FF8210821083FF801000100FFFE010001000100
8BED:000047FC2040204003F80088E08827FE2000200023F822082A08320823F80208
8A00:02000100FFFE000000003FF8000000003FF8000000003FF8200820083FF82008
4E2D:01000100010001003FF8210821082108210821083FF821080100010001000100
6587:020001000100FFFE10101010082008200440028001000280044008203018C006
95F4:200013FC1004400447C444444444444447C444444444444447C4400440144008
8DDD:00007DFE4500450045007DFC110411045D04510451FC51005D00E10001FE0000
884C:080009FC100020004800080013FE302050209020102010201020102010A01040
6574:08200820FFBE08447FA449247F282A104928884600007FFC010011F81100FFFE
9AD8:02000100FFFE00000FE0082008200FE000007FFC40044FE4482448244FE4400C
4EAE:020001007FFC00001FF010101FF000007FFE40028FE40820082010222022C01E
7248:0808481C49E0490049007DFC41444144794449284928491049104A284A448C82
672C:01000100010001007FFC0380054005400920111021084FE48102010001000100
53F7:00001FF01010101010101FF00000FFFE080010001FF000100010001000A00040
663E:00001FF0101010101FF0101010101FF0044044442444144814500440FFFE0000
793A:00003FF80000000000000000FFFE010001001110110821044102810205000200
5173:10100810082000003FF8010001000100FFFE010002800280044008203018C006
4E09:000000007FFC00000000000000003FF800000000000000000000FFFE00000000
89D2:080008001FE020204040BFF8210821083FF8210821083FF82108410841288010
6307:11001104113811C0FD02110210FE140019FC3104D10411FC1104110451FC2104
5668:00003E7C224422443E7C01200110FFFE02800C603018C0063E7C224422443E7C
672A:0100010001003FF8010001000100FFFE03800540092011102108C10601000100
9009:00402240124013F804400040F7FC11201120112012241224141C280047FE0000
88AB:201010100010F9FE09121114151039FC55449144112811281110122812441482
5E2E:0800087CFF4808507E480844FF54104820404100BFF821082108212821100100
52A9:00207C204420442044FC7C24442444247C244424442444444E44F08401280210
6807:100011FC10001000FC0013FE3020382055285524922412221422102010A01040
9898:00003EFE22103E20227C3E440054FF54085408542F282844288258004FFE8000
524D:101008100820FFFE00003E08224822483E48224822483E48220822082A282410
8272:080008001FE020204040BFF82108210821083FF820002002200220021FFE0000
987A:040045FE5420544055FC55045524552455245524552455445450548885040602
5E8F:010000803FFE200023F8201020A020402FFE2042204420404040404081400080
4E71:04400E40384008400840FF40084008403E4022402240224222423E42223E0000
66FF:082008207EFC0820FEFE1450228841069FF0101010101FF0101010101FF01010
6362:1080108010F81108FA1015FC112419243124D12417FE10501050108851042602
81EA:0100020004001FF01010101010101FF0101010101FF01010101010101FF01010
52A8:004000407C40004001FC0044FE4420442044208448844484FD04450402280410
7F16:1080104023FC22044A04FBFC1200220043FCFB54435405FC1D54E5544944010C
5217:00047F84080408241F2411242124212452248A24042404240804100420144008
50CF:090009F00A1017FC1A24324433FC5080914416A81130166810A8112416A21040
6C34:010001000100010801087D9005A0094009401120111021084106810005000200
5E73:00007FFC010001001110091009200100FFFE0100010001000100010001000100
7D20:01003FF801001FF00100FFFE020004201FC0018006103FF80108112025104208
7B26:104010403F7E489085080810081013FE30105110909010901010101010501020
5BBD:020001007FFE400284443FF8044000001FF0101011101110129004821882E07E
5782:001000F83F00010001007FFC09200920FFFE092009207FFC010001003FF80000
76F4:010001007FFC01001FF0101010101FF010101FF010101FF010101010FFFE0000
8D77:0800080008F87E0808080808FEF80888288028802E842884287C58004FFE8000
59CB:1020102010201040FC48248425FE2482240048FC288410842884448480FC0084
6BCF:10001FFC200020005FF0901012101110FFFE2010221021103FFC001000A00040
6700:1FF010101FF010101FF00000FFFE22003EF822883E9022502F20F25042880306
5927:01000100010001000100FFFE010001000280028004400440082010102008C006
6846:100011FE11001100FDFE11103110397C55105510911011FE1100110011FE1000
7EBF:105010482040245C45E0F840105E23E04044FC48403000221C52E08A43060002
6761:040004000FF01820644003801D70E10E01007FFC010009201110210845040200
5EA6:010000803FFE222022203FFC2220222023E020002FF02410422041C08630380E
FF08:0000000800100020002000400040004000400040004000200020001000080000
FF09:0000200010000800080004000400040004000400040008000800100020000000
6CE8:00802040100017FC804040404040104013FC2040E0402040204020402FFE0000
FF1A:0000000000000000000000000000000000003000300000003000300000000000
8868:010001007FFC010001003FF801000100FFFE0500088818502820C9180A060C00
5C45:00003FF8200820083FF8208020803FFE208020802FF82808480848088FF80808
3002:0000000000000000000000000000000000000000180024002400180000000000
6B64:0440044004402444244827502460244024402440244024422F42F042403E0000
5E94:010000803FFE200020002104288424842448224822102210402040409FFE0000
5F53:0100210811080910092001007FF80008000800083FF80008000800087FF80008
5728:020002000400FFFE080008401040304057FC904010401040104010401FFE1000
4E4B:02000100010000007FF800100020004000800100020004001800240043FE0000
540E:001000F81F00100010001FFE10001000100017F8140824082408440887F80408
FF1B:0000000000000000000000000000000030003000000030003000100020000000
6309:10401020102013FEFA02144410401BFE3088D088110810D01020105050882304
9EC4:04403FF804400440FFFE01001FF0111011101FF0111011101FF0044008201010
91D1:0100010002800440082010102FE8C10601003FF80100111009100920FFFE0000
5206:00400440042008201010200840049FE204200420042008200820102021404080
5272:10040804FF8480A409247F2408247F240824FFA408247F24410441047F144108
6BD4:0080208020802084208820903EA020C0208020802080208226823882207E0000
4F8B:1004100417C42214221463D46254A45426542554289420942104220424142808
6545:1040104010401080FEFE1108128810887C8844504450442044507C8845040202
4F4D:088008400840100017FC3000300852089208111011101110112010201FFE1000
7B97:20403E7E489080003FF820083FF820083FF820083FF80820FFFE082010202020
201C:0000008801100220033003300000000000000000000000000000000000000000
201D:0000198019800880110022000000000000000000000000000000000000000000
8BE5:008040402FFE208001100110E22427E42048208821102A203450208803040C04
4E2A:0100010002800440082010102108C10601000100010001000100010001000100
7701:010011101108212440C003000C003FF8D0081FF810081FF8100810081FF81008
7565:00800080F8F8A908AB10ACA0F840A8A0A918AA06ADF8F9088908010801F80108
7EF4:10A01090208025FE4510FB1015FC21104110FDFC411001101D10E1FE41000100
62A4:10401020102011FEFD021102110215FE19023100D10011001200120054002800
76D8:020004001FF011101090FFFE10101210215040203FF8244824482448FFFE0000
4FE1:084008200BFE1000100031FC3000500091FC1000100011FC1104110411FC1104
606F:010002001FF010101FF010101FF010101FF01010010008844892481287F00000
504F:1080104017FC2404240467FC6400A40027FC26A42AA42BFC2AA42AA432A4220C
53F3:020002000200FFFE04000400080008001FF8280848088808080808080FF80808
6D88:0040224811481150804043F84A080A0813F81208E20823F82208220822280210
5931:01001100110011003FF8210041000100FFFE028004400440082010102008C006
5FAE:110815482548455097DE102420146FD4A0142794249424A824C8249428143022
5DE5:000000007FFC0100010001000100010001000100010001000100FFFE00000000
5177:00001FF0101010101FF010101FF010101FF010101010FFFE0440082010102008
7BB1:104010403F7E28904508880008FC7E84088418FC1C842A842AFC4884888408FC
542F:010000801FFC1004100410041FFC10001000100017FC24042404440487FC0404
786C:000001FEFC20102011FC21243D2465FC6524A52425FC25203CA0244020B0030E
7ACB:02000100010000007FFC000000101010082008200440044004800000FFFE0000
523B:100408040004FFA40824112421247E240424092412242424CC0412042114C088
91CD:001000F83F000100FFFE01001FF011101FF011101FF001003FF80100FFFE0000
673A:100011F011101110FD10111031103910551055109110111211121212120E1400
 
